<?xml version="1.0" encoding="UTF-8"?>
<testsuite xmlns:xsi="http://www.w3.org/2001/XMLSchema-instance" xsi:noNamespaceSchemaLocation="https://maven.apache.org/surefire/maven-surefire-plugin/xsd/surefire-test-report-3.0.xsd" version="3.0" name="com.example.TestGenerationIntegrationTest" time="3.447" tests="3" errors="0" skipped="0" failures="2">
  <properties>
    <property name="java.specification.version" value="23"/>
    <property name="sun.jnu.encoding" value="UTF-8"/>
    <property name="java.class.path" value="/Users/yari/git/cursor-test-uat/target/test-classes:/Users/yari/git/cursor-test-uat/target/classes:/Users/yari/.m2/repository/org/springframework/boot/spring-boot-starter-web/3.2.3/spring-boot-starter-web-3.2.3.jar:/Users/yari/.m2/repository/org/springframework/boot/spring-boot-starter/3.2.3/spring-boot-starter-3.2.3.jar:/Users/yari/.m2/repository/org/springframework/boot/spring-boot-autoconfigure/3.2.3/spring-boot-autoconfigure-3.2.3.jar:/Users/yari/.m2/repository/jakarta/annotation/jakarta.annotation-api/2.1.1/jakarta.annotation-api-2.1.1.jar:/Users/yari/.m2/repository/org/yaml/snakeyaml/2.2/snakeyaml-2.2.jar:/Users/yari/.m2/repository/org/springframework/boot/spring-boot-starter-json/3.2.3/spring-boot-starter-json-3.2.3.jar:/Users/yari/.m2/repository/com/fasterxml/jackson/datatype/jackson-datatype-jdk8/2.15.4/jackson-datatype-jdk8-2.15.4.jar:/Users/yari/.m2/repository/com/fasterxml/jackson/module/jackson-module-parameter-names/2.15.4/jackson-module-parameter-names-2.15.4.jar:/Users/yari/.m2/repository/org/springframework/boot/spring-boot-starter-tomcat/3.2.3/spring-boot-starter-tomcat-3.2.3.jar:/Users/yari/.m2/repository/org/apache/tomcat/embed/tomcat-embed-core/10.1.19/tomcat-embed-core-10.1.19.jar:/Users/yari/.m2/repository/org/apache/tomcat/embed/tomcat-embed-websocket/10.1.19/tomcat-embed-websocket-10.1.19.jar:/Users/yari/.m2/repository/org/springframework/spring-web/6.1.4/spring-web-6.1.4.jar:/Users/yari/.m2/repository/org/springframework/spring-beans/6.1.4/spring-beans-6.1.4.jar:/Users/yari/.m2/repository/io/micrometer/micrometer-observation/1.12.3/micrometer-observation-1.12.3.jar:/Users/yari/.m2/repository/io/micrometer/micrometer-commons/1.12.3/micrometer-commons-1.12.3.jar:/Users/yari/.m2/repository/org/springframework/spring-webmvc/6.1.4/spring-webmvc-6.1.4.jar:/Users/yari/.m2/repository/org/springframework/spring-aop/6.1.4/spring-aop-6.1.4.jar:/Users/yari/.m2/repository/org/springframework/spring-context/6.1.4/spring-context-6.1.4.jar:/Users/yari/.m2/repository/org/springframework/spring-expression/6.1.4/spring-expression-6.1.4.jar:/Users/yari/.m2/repository/org/springframework/ai/spring-ai-ollama/0.8.1/spring-ai-ollama-0.8.1.jar:/Users/yari/.m2/repository/org/springframework/boot/spring-boot/3.2.3/spring-boot-3.2.3.jar:/Users/yari/.m2/repository/org/springframework/ai/spring-ai-core/0.8.1/spring-ai-core-0.8.1.jar:/Users/yari/.m2/repository/io/swagger/core/v3/swagger-annotations/2.2.20/swagger-annotations-2.2.20.jar:/Users/yari/.m2/repository/com/github/victools/jsonschema-module-swagger-2/4.33.1/jsonschema-module-swagger-2-4.33.1.jar:/Users/yari/.m2/repository/org/springframework/cloud/spring-cloud-function-context/4.1.0/spring-cloud-function-context-4.1.0.jar:/Users/yari/.m2/repository/net/jodah/typetools/0.6.2/typetools-0.6.2.jar:/Users/yari/.m2/repository/org/springframework/cloud/spring-cloud-function-core/4.1.0/spring-cloud-function-core-4.1.0.jar:/Users/yari/.m2/repository/org/antlr/stringtemplate/4.0.2/stringtemplate-4.0.2.jar:/Users/yari/.m2/repository/org/antlr/antlr-runtime/3.3/antlr-runtime-3.3.jar:/Users/yari/.m2/repository/io/projectreactor/reactor-core/3.6.3/reactor-core-3.6.3.jar:/Users/yari/.m2/repository/org/reactivestreams/reactive-streams/1.0.4/reactive-streams-1.0.4.jar:/Users/yari/.m2/repository/org/springframework/spring-messaging/6.1.4/spring-messaging-6.1.4.jar:/Users/yari/.m2/repository/com/knuddels/jtokkit/1.0.0/jtokkit-1.0.0.jar:/Users/yari/.m2/repository/com/github/victools/jsonschema-generator/4.31.1/jsonschema-generator-4.31.1.jar:/Users/yari/.m2/repository/com/github/victools/jsonschema-module-jackson/4.31.1/jsonschema-module-jackson-4.31.1.jar:/Users/yari/.m2/repository/org/springframework/spring-webflux/6.1.4/spring-webflux-6.1.4.jar:/Users/yari/.m2/repository/com/fasterxml/jackson/core/jackson-databind/2.15.4/jackson-databind-2.15.4.jar:/Users/yari/.m2/repository/com/fasterxml/jackson/core/jackson-annotations/2.15.4/jackson-annotations-2.15.4.jar:/Users/yari/.m2/repository/com/fasterxml/jackson/core/jackson-core/2.15.4/jackson-core-2.15.4.jar:/Users/yari/.m2/repository/com/fasterxml/jackson/datatype/jackson-datatype-jsr310/2.15.4/jackson-datatype-jsr310-2.15.4.jar:/Users/yari/.m2/repository/org/springframework/boot/spring-boot-starter-logging/3.2.3/spring-boot-starter-logging-3.2.3.jar:/Users/yari/.m2/repository/org/apache/logging/log4j/log4j-to-slf4j/2.21.1/log4j-to-slf4j-2.21.1.jar:/Users/yari/.m2/repository/org/apache/logging/log4j/log4j-api/2.21.1/log4j-api-2.21.1.jar:/Users/yari/.m2/repository/org/slf4j/jul-to-slf4j/2.0.12/jul-to-slf4j-2.0.12.jar:/Users/yari/.m2/repository/org/springframework/boot/spring-boot-starter-test/3.2.3/spring-boot-starter-test-3.2.3.jar:/Users/yari/.m2/repository/org/springframework/boot/spring-boot-test/3.2.3/spring-boot-test-3.2.3.jar:/Users/yari/.m2/repository/org/springframework/boot/spring-boot-test-autoconfigure/3.2.3/spring-boot-test-autoconfigure-3.2.3.jar:/Users/yari/.m2/repository/com/jayway/jsonpath/json-path/2.9.0/json-path-2.9.0.jar:/Users/yari/.m2/repository/jakarta/xml/bind/jakarta.xml.bind-api/4.0.1/jakarta.xml.bind-api-4.0.1.jar:/Users/yari/.m2/repository/jakarta/activation/jakarta.activation-api/2.1.2/jakarta.activation-api-2.1.2.jar:/Users/yari/.m2/repository/net/minidev/json-smart/2.5.0/json-smart-2.5.0.jar:/Users/yari/.m2/repository/net/minidev/accessors-smart/2.5.0/accessors-smart-2.5.0.jar:/Users/yari/.m2/repository/org/ow2/asm/asm/9.3/asm-9.3.jar:/Users/yari/.m2/repository/org/assertj/assertj-core/3.24.2/assertj-core-3.24.2.jar:/Users/yari/.m2/repository/org/awaitility/awaitility/4.2.0/awaitility-4.2.0.jar:/Users/yari/.m2/repository/org/hamcrest/hamcrest/2.2/hamcrest-2.2.jar:/Users/yari/.m2/repository/org/junit/jupiter/junit-jupiter/5.10.2/junit-jupiter-5.10.2.jar:/Users/yari/.m2/repository/org/junit/jupiter/junit-jupiter-api/5.10.2/junit-jupiter-api-5.10.2.jar:/Users/yari/.m2/repository/org/opentest4j/opentest4j/1.3.0/opentest4j-1.3.0.jar:/Users/yari/.m2/repository/org/junit/platform/junit-platform-commons/1.10.2/junit-platform-commons-1.10.2.jar:/Users/yari/.m2/repository/org/apiguardian/apiguardian-api/1.1.2/apiguardian-api-1.1.2.jar:/Users/yari/.m2/repository/org/junit/jupiter/junit-jupiter-params/5.10.2/junit-jupiter-params-5.10.2.jar:/Users/yari/.m2/repository/org/junit/jupiter/junit-jupiter-engine/5.10.2/junit-jupiter-engine-5.10.2.jar:/Users/yari/.m2/repository/org/junit/platform/junit-platform-engine/1.10.2/junit-platform-engine-1.10.2.jar:/Users/yari/.m2/repository/org/mockito/mockito-core/5.7.0/mockito-core-5.7.0.jar:/Users/yari/.m2/repository/net/bytebuddy/byte-buddy-agent/1.14.12/byte-buddy-agent-1.14.12.jar:/Users/yari/.m2/repository/org/objenesis/objenesis/3.3/objenesis-3.3.jar:/Users/yari/.m2/repository/org/mockito/mockito-junit-jupiter/5.7.0/mockito-junit-jupiter-5.7.0.jar:/Users/yari/.m2/repository/org/skyscreamer/jsonassert/1.5.1/jsonassert-1.5.1.jar:/Users/yari/.m2/repository/com/vaadin/external/google/android-json/0.0.20131108.vaadin1/android-json-0.0.20131108.vaadin1.jar:/Users/yari/.m2/repository/org/springframework/spring-core/6.1.4/spring-core-6.1.4.jar:/Users/yari/.m2/repository/org/springframework/spring-jcl/6.1.4/spring-jcl-6.1.4.jar:/Users/yari/.m2/repository/org/springframework/spring-test/6.1.4/spring-test-6.1.4.jar:/Users/yari/.m2/repository/org/xmlunit/xmlunit-core/2.9.1/xmlunit-core-2.9.1.jar:/Users/yari/.m2/repository/ch/qos/logback/contrib/logback-json-classic/0.1.5/logback-json-classic-0.1.5.jar:/Users/yari/.m2/repository/ch/qos/logback/logback-classic/1.4.14/logback-classic-1.4.14.jar:/Users/yari/.m2/repository/ch/qos/logback/logback-core/1.4.14/logback-core-1.4.14.jar:/Users/yari/.m2/repository/ch/qos/logback/contrib/logback-json-core/0.1.5/logback-json-core-0.1.5.jar:/Users/yari/.m2/repository/ch/qos/logback/contrib/logback-jackson/0.1.5/logback-jackson-0.1.5.jar:/Users/yari/.m2/repository/org/springframework/boot/spring-boot-starter-data-jpa/3.2.3/spring-boot-starter-data-jpa-3.2.3.jar:/Users/yari/.m2/repository/org/springframework/boot/spring-boot-starter-aop/3.2.3/spring-boot-starter-aop-3.2.3.jar:/Users/yari/.m2/repository/org/aspectj/aspectjweaver/1.9.21/aspectjweaver-1.9.21.jar:/Users/yari/.m2/repository/org/springframework/boot/spring-boot-starter-jdbc/3.2.3/spring-boot-starter-jdbc-3.2.3.jar:/Users/yari/.m2/repository/com/zaxxer/HikariCP/5.0.1/HikariCP-5.0.1.jar:/Users/yari/.m2/repository/org/springframework/spring-jdbc/6.1.4/spring-jdbc-6.1.4.jar:/Users/yari/.m2/repository/org/springframework/data/spring-data-jpa/3.2.3/spring-data-jpa-3.2.3.jar:/Users/yari/.m2/repository/org/springframework/data/spring-data-commons/3.2.3/spring-data-commons-3.2.3.jar:/Users/yari/.m2/repository/org/springframework/spring-orm/6.1.4/spring-orm-6.1.4.jar:/Users/yari/.m2/repository/org/springframework/spring-tx/6.1.4/spring-tx-6.1.4.jar:/Users/yari/.m2/repository/org/springframework/spring-aspects/6.1.4/spring-aspects-6.1.4.jar:/Users/yari/.m2/repository/org/xerial/sqlite-jdbc/3.36.0.3/sqlite-jdbc-3.36.0.3.jar:/Users/yari/.m2/repository/org/hibernate/orm/hibernate-core/6.4.4.Final/hibernate-core-6.4.4.Final.jar:/Users/yari/.m2/repository/jakarta/transaction/jakarta.transaction-api/2.0.1/jakarta.transaction-api-2.0.1.jar:/Users/yari/.m2/repository/org/jboss/logging/jboss-logging/3.5.3.Final/jboss-logging-3.5.3.Final.jar:/Users/yari/.m2/repository/org/hibernate/common/hibernate-commons-annotations/6.0.6.Final/hibernate-commons-annotations-6.0.6.Final.jar:/Users/yari/.m2/repository/io/smallrye/jandex/3.1.2/jandex-3.1.2.jar:/Users/yari/.m2/repository/com/fasterxml/classmate/1.6.0/classmate-1.6.0.jar:/Users/yari/.m2/repository/net/bytebuddy/byte-buddy/1.14.12/byte-buddy-1.14.12.jar:/Users/yari/.m2/repository/org/glassfish/jaxb/jaxb-runtime/4.0.4/jaxb-runtime-4.0.4.jar:/Users/yari/.m2/repository/org/glassfish/jaxb/jaxb-core/4.0.4/jaxb-core-4.0.4.jar:/Users/yari/.m2/repository/org/eclipse/angus/angus-activation/2.0.1/angus-activation-2.0.1.jar:/Users/yari/.m2/repository/org/glassfish/jaxb/txw2/4.0.4/txw2-4.0.4.jar:/Users/yari/.m2/repository/com/sun/istack/istack-commons-runtime/4.1.2/istack-commons-runtime-4.1.2.jar:/Users/yari/.m2/repository/jakarta/inject/jakarta.inject-api/2.0.1/jakarta.inject-api-2.0.1.jar:/Users/yari/.m2/repository/org/antlr/antlr4-runtime/4.13.0/antlr4-runtime-4.13.0.jar:/Users/yari/.m2/repository/org/hibernate/orm/hibernate-community-dialects/6.4.4.Final/hibernate-community-dialects-6.4.4.Final.jar:/Users/yari/.m2/repository/org/flywaydb/flyway-core/9.22.3/flyway-core-9.22.3.jar:/Users/yari/.m2/repository/com/fasterxml/jackson/dataformat/jackson-dataformat-toml/2.15.4/jackson-dataformat-toml-2.15.4.jar:/Users/yari/.m2/repository/com/google/code/gson/gson/2.10.1/gson-2.10.1.jar:/Users/yari/.m2/repository/jakarta/persistence/jakarta.persistence-api/3.1.0/jakarta.persistence-api-3.1.0.jar:/Users/yari/.m2/repository/org/projectlombok/lombok/1.18.30/lombok-1.18.30.jar:/Users/yari/.m2/repository/org/springframework/boot/spring-boot-starter-validation/3.2.3/spring-boot-starter-validation-3.2.3.jar:/Users/yari/.m2/repository/org/apache/tomcat/embed/tomcat-embed-el/10.1.19/tomcat-embed-el-10.1.19.jar:/Users/yari/.m2/repository/org/hibernate/validator/hibernate-validator/8.0.1.Final/hibernate-validator-8.0.1.Final.jar:/Users/yari/.m2/repository/jakarta/validation/jakarta.validation-api/3.0.2/jakarta.validation-api-3.0.2.jar:/Users/yari/.m2/repository/org/springframework/boot/spring-boot-starter-thymeleaf/3.2.3/spring-boot-starter-thymeleaf-3.2.3.jar:/Users/yari/.m2/repository/org/thymeleaf/thymeleaf-spring6/3.1.2.RELEASE/thymeleaf-spring6-3.1.2.RELEASE.jar:/Users/yari/.m2/repository/nz/net/ultraq/thymeleaf/thymeleaf-layout-dialect/3.3.0/thymeleaf-layout-dialect-3.3.0.jar:/Users/yari/.m2/repository/org/apache/groovy/groovy/4.0.18/groovy-4.0.18.jar:/Users/yari/.m2/repository/nz/net/ultraq/groovy/groovy-extensions/2.1.0/groovy-extensions-2.1.0.jar:/Users/yari/.m2/repository/nz/net/ultraq/thymeleaf/thymeleaf-expression-processor/3.2.0/thymeleaf-expression-processor-3.2.0.jar:/Users/yari/.m2/repository/org/thymeleaf/thymeleaf/3.1.2.RELEASE/thymeleaf-3.1.2.RELEASE.jar:/Users/yari/.m2/repository/ognl/ognl/3.3.4/ognl-3.3.4.jar:/Users/yari/.m2/repository/org/javassist/javassist/3.29.0-GA/javassist-3.29.0-GA.jar:/Users/yari/.m2/repository/org/attoparser/attoparser/2.0.7.RELEASE/attoparser-2.0.7.RELEASE.jar:/Users/yari/.m2/repository/org/unbescape/unbescape/1.1.6.RELEASE/unbescape-1.1.6.RELEASE.jar:/Users/yari/.m2/repository/org/slf4j/slf4j-api/2.0.12/slf4j-api-2.0.12.jar:"/>
    <property name="java.vm.vendor" value="Homebrew"/>
    <property name="sun.arch.data.model" value="64"/>
    <property name="java.vendor.url" value="https://github.com/Homebrew/homebrew-core/issues"/>
    <property name="user.timezone" value="Europe/Rome"/>
    <property name="org.jboss.logging.provider" value="slf4j"/>
    <property name="os.name" value="Mac OS X"/>
    <property name="java.vm.specification.version" value="23"/>
    <property name="sun.java.launcher" value="SUN_STANDARD"/>
    <property name="user.country" value="IT"/>
    <property name="sun.boot.library.path" value="/opt/homebrew/Cellar/openjdk/23.0.2/libexec/openjdk.jdk/Contents/Home/lib"/>
    <property name="sun.java.command" value="/Users/yari/git/cursor-test-uat/target/surefire/surefirebooter-20250321000009224_3.jar /Users/yari/git/cursor-test-uat/target/surefire 2025-03-21T00-00-09_182-jvmRun1 surefire-20250321000009224_1tmp surefire_0-20250321000009224_2tmp"/>
    <property name="http.nonProxyHosts" value="local|*.local|169.254/16|*.169.254/16"/>
    <property name="jdk.debug" value="release"/>
    <property name="test" value="TestGenerationIntegrationTest"/>
    <property name="surefire.test.class.path" value="/Users/yari/git/cursor-test-uat/target/test-classes:/Users/yari/git/cursor-test-uat/target/classes:/Users/yari/.m2/repository/org/springframework/boot/spring-boot-starter-web/3.2.3/spring-boot-starter-web-3.2.3.jar:/Users/yari/.m2/repository/org/springframework/boot/spring-boot-starter/3.2.3/spring-boot-starter-3.2.3.jar:/Users/yari/.m2/repository/org/springframework/boot/spring-boot-autoconfigure/3.2.3/spring-boot-autoconfigure-3.2.3.jar:/Users/yari/.m2/repository/jakarta/annotation/jakarta.annotation-api/2.1.1/jakarta.annotation-api-2.1.1.jar:/Users/yari/.m2/repository/org/yaml/snakeyaml/2.2/snakeyaml-2.2.jar:/Users/yari/.m2/repository/org/springframework/boot/spring-boot-starter-json/3.2.3/spring-boot-starter-json-3.2.3.jar:/Users/yari/.m2/repository/com/fasterxml/jackson/datatype/jackson-datatype-jdk8/2.15.4/jackson-datatype-jdk8-2.15.4.jar:/Users/yari/.m2/repository/com/fasterxml/jackson/module/jackson-module-parameter-names/2.15.4/jackson-module-parameter-names-2.15.4.jar:/Users/yari/.m2/repository/org/springframework/boot/spring-boot-starter-tomcat/3.2.3/spring-boot-starter-tomcat-3.2.3.jar:/Users/yari/.m2/repository/org/apache/tomcat/embed/tomcat-embed-core/10.1.19/tomcat-embed-core-10.1.19.jar:/Users/yari/.m2/repository/org/apache/tomcat/embed/tomcat-embed-websocket/10.1.19/tomcat-embed-websocket-10.1.19.jar:/Users/yari/.m2/repository/org/springframework/spring-web/6.1.4/spring-web-6.1.4.jar:/Users/yari/.m2/repository/org/springframework/spring-beans/6.1.4/spring-beans-6.1.4.jar:/Users/yari/.m2/repository/io/micrometer/micrometer-observation/1.12.3/micrometer-observation-1.12.3.jar:/Users/yari/.m2/repository/io/micrometer/micrometer-commons/1.12.3/micrometer-commons-1.12.3.jar:/Users/yari/.m2/repository/org/springframework/spring-webmvc/6.1.4/spring-webmvc-6.1.4.jar:/Users/yari/.m2/repository/org/springframework/spring-aop/6.1.4/spring-aop-6.1.4.jar:/Users/yari/.m2/repository/org/springframework/spring-context/6.1.4/spring-context-6.1.4.jar:/Users/yari/.m2/repository/org/springframework/spring-expression/6.1.4/spring-expression-6.1.4.jar:/Users/yari/.m2/repository/org/springframework/ai/spring-ai-ollama/0.8.1/spring-ai-ollama-0.8.1.jar:/Users/yari/.m2/repository/org/springframework/boot/spring-boot/3.2.3/spring-boot-3.2.3.jar:/Users/yari/.m2/repository/org/springframework/ai/spring-ai-core/0.8.1/spring-ai-core-0.8.1.jar:/Users/yari/.m2/repository/io/swagger/core/v3/swagger-annotations/2.2.20/swagger-annotations-2.2.20.jar:/Users/yari/.m2/repository/com/github/victools/jsonschema-module-swagger-2/4.33.1/jsonschema-module-swagger-2-4.33.1.jar:/Users/yari/.m2/repository/org/springframework/cloud/spring-cloud-function-context/4.1.0/spring-cloud-function-context-4.1.0.jar:/Users/yari/.m2/repository/net/jodah/typetools/0.6.2/typetools-0.6.2.jar:/Users/yari/.m2/repository/org/springframework/cloud/spring-cloud-function-core/4.1.0/spring-cloud-function-core-4.1.0.jar:/Users/yari/.m2/repository/org/antlr/stringtemplate/4.0.2/stringtemplate-4.0.2.jar:/Users/yari/.m2/repository/org/antlr/antlr-runtime/3.3/antlr-runtime-3.3.jar:/Users/yari/.m2/repository/io/projectreactor/reactor-core/3.6.3/reactor-core-3.6.3.jar:/Users/yari/.m2/repository/org/reactivestreams/reactive-streams/1.0.4/reactive-streams-1.0.4.jar:/Users/yari/.m2/repository/org/springframework/spring-messaging/6.1.4/spring-messaging-6.1.4.jar:/Users/yari/.m2/repository/com/knuddels/jtokkit/1.0.0/jtokkit-1.0.0.jar:/Users/yari/.m2/repository/com/github/victools/jsonschema-generator/4.31.1/jsonschema-generator-4.31.1.jar:/Users/yari/.m2/repository/com/github/victools/jsonschema-module-jackson/4.31.1/jsonschema-module-jackson-4.31.1.jar:/Users/yari/.m2/repository/org/springframework/spring-webflux/6.1.4/spring-webflux-6.1.4.jar:/Users/yari/.m2/repository/com/fasterxml/jackson/core/jackson-databind/2.15.4/jackson-databind-2.15.4.jar:/Users/yari/.m2/repository/com/fasterxml/jackson/core/jackson-annotations/2.15.4/jackson-annotations-2.15.4.jar:/Users/yari/.m2/repository/com/fasterxml/jackson/core/jackson-core/2.15.4/jackson-core-2.15.4.jar:/Users/yari/.m2/repository/com/fasterxml/jackson/datatype/jackson-datatype-jsr310/2.15.4/jackson-datatype-jsr310-2.15.4.jar:/Users/yari/.m2/repository/org/springframework/boot/spring-boot-starter-logging/3.2.3/spring-boot-starter-logging-3.2.3.jar:/Users/yari/.m2/repository/org/apache/logging/log4j/log4j-to-slf4j/2.21.1/log4j-to-slf4j-2.21.1.jar:/Users/yari/.m2/repository/org/apache/logging/log4j/log4j-api/2.21.1/log4j-api-2.21.1.jar:/Users/yari/.m2/repository/org/slf4j/jul-to-slf4j/2.0.12/jul-to-slf4j-2.0.12.jar:/Users/yari/.m2/repository/org/springframework/boot/spring-boot-starter-test/3.2.3/spring-boot-starter-test-3.2.3.jar:/Users/yari/.m2/repository/org/springframework/boot/spring-boot-test/3.2.3/spring-boot-test-3.2.3.jar:/Users/yari/.m2/repository/org/springframework/boot/spring-boot-test-autoconfigure/3.2.3/spring-boot-test-autoconfigure-3.2.3.jar:/Users/yari/.m2/repository/com/jayway/jsonpath/json-path/2.9.0/json-path-2.9.0.jar:/Users/yari/.m2/repository/jakarta/xml/bind/jakarta.xml.bind-api/4.0.1/jakarta.xml.bind-api-4.0.1.jar:/Users/yari/.m2/repository/jakarta/activation/jakarta.activation-api/2.1.2/jakarta.activation-api-2.1.2.jar:/Users/yari/.m2/repository/net/minidev/json-smart/2.5.0/json-smart-2.5.0.jar:/Users/yari/.m2/repository/net/minidev/accessors-smart/2.5.0/accessors-smart-2.5.0.jar:/Users/yari/.m2/repository/org/ow2/asm/asm/9.3/asm-9.3.jar:/Users/yari/.m2/repository/org/assertj/assertj-core/3.24.2/assertj-core-3.24.2.jar:/Users/yari/.m2/repository/org/awaitility/awaitility/4.2.0/awaitility-4.2.0.jar:/Users/yari/.m2/repository/org/hamcrest/hamcrest/2.2/hamcrest-2.2.jar:/Users/yari/.m2/repository/org/junit/jupiter/junit-jupiter/5.10.2/junit-jupiter-5.10.2.jar:/Users/yari/.m2/repository/org/junit/jupiter/junit-jupiter-api/5.10.2/junit-jupiter-api-5.10.2.jar:/Users/yari/.m2/repository/org/opentest4j/opentest4j/1.3.0/opentest4j-1.3.0.jar:/Users/yari/.m2/repository/org/junit/platform/junit-platform-commons/1.10.2/junit-platform-commons-1.10.2.jar:/Users/yari/.m2/repository/org/apiguardian/apiguardian-api/1.1.2/apiguardian-api-1.1.2.jar:/Users/yari/.m2/repository/org/junit/jupiter/junit-jupiter-params/5.10.2/junit-jupiter-params-5.10.2.jar:/Users/yari/.m2/repository/org/junit/jupiter/junit-jupiter-engine/5.10.2/junit-jupiter-engine-5.10.2.jar:/Users/yari/.m2/repository/org/junit/platform/junit-platform-engine/1.10.2/junit-platform-engine-1.10.2.jar:/Users/yari/.m2/repository/org/mockito/mockito-core/5.7.0/mockito-core-5.7.0.jar:/Users/yari/.m2/repository/net/bytebuddy/byte-buddy-agent/1.14.12/byte-buddy-agent-1.14.12.jar:/Users/yari/.m2/repository/org/objenesis/objenesis/3.3/objenesis-3.3.jar:/Users/yari/.m2/repository/org/mockito/mockito-junit-jupiter/5.7.0/mockito-junit-jupiter-5.7.0.jar:/Users/yari/.m2/repository/org/skyscreamer/jsonassert/1.5.1/jsonassert-1.5.1.jar:/Users/yari/.m2/repository/com/vaadin/external/google/android-json/0.0.20131108.vaadin1/android-json-0.0.20131108.vaadin1.jar:/Users/yari/.m2/repository/org/springframework/spring-core/6.1.4/spring-core-6.1.4.jar:/Users/yari/.m2/repository/org/springframework/spring-jcl/6.1.4/spring-jcl-6.1.4.jar:/Users/yari/.m2/repository/org/springframework/spring-test/6.1.4/spring-test-6.1.4.jar:/Users/yari/.m2/repository/org/xmlunit/xmlunit-core/2.9.1/xmlunit-core-2.9.1.jar:/Users/yari/.m2/repository/ch/qos/logback/contrib/logback-json-classic/0.1.5/logback-json-classic-0.1.5.jar:/Users/yari/.m2/repository/ch/qos/logback/logback-classic/1.4.14/logback-classic-1.4.14.jar:/Users/yari/.m2/repository/ch/qos/logback/logback-core/1.4.14/logback-core-1.4.14.jar:/Users/yari/.m2/repository/ch/qos/logback/contrib/logback-json-core/0.1.5/logback-json-core-0.1.5.jar:/Users/yari/.m2/repository/ch/qos/logback/contrib/logback-jackson/0.1.5/logback-jackson-0.1.5.jar:/Users/yari/.m2/repository/org/springframework/boot/spring-boot-starter-data-jpa/3.2.3/spring-boot-starter-data-jpa-3.2.3.jar:/Users/yari/.m2/repository/org/springframework/boot/spring-boot-starter-aop/3.2.3/spring-boot-starter-aop-3.2.3.jar:/Users/yari/.m2/repository/org/aspectj/aspectjweaver/1.9.21/aspectjweaver-1.9.21.jar:/Users/yari/.m2/repository/org/springframework/boot/spring-boot-starter-jdbc/3.2.3/spring-boot-starter-jdbc-3.2.3.jar:/Users/yari/.m2/repository/com/zaxxer/HikariCP/5.0.1/HikariCP-5.0.1.jar:/Users/yari/.m2/repository/org/springframework/spring-jdbc/6.1.4/spring-jdbc-6.1.4.jar:/Users/yari/.m2/repository/org/springframework/data/spring-data-jpa/3.2.3/spring-data-jpa-3.2.3.jar:/Users/yari/.m2/repository/org/springframework/data/spring-data-commons/3.2.3/spring-data-commons-3.2.3.jar:/Users/yari/.m2/repository/org/springframework/spring-orm/6.1.4/spring-orm-6.1.4.jar:/Users/yari/.m2/repository/org/springframework/spring-tx/6.1.4/spring-tx-6.1.4.jar:/Users/yari/.m2/repository/org/springframework/spring-aspects/6.1.4/spring-aspects-6.1.4.jar:/Users/yari/.m2/repository/org/xerial/sqlite-jdbc/3.36.0.3/sqlite-jdbc-3.36.0.3.jar:/Users/yari/.m2/repository/org/hibernate/orm/hibernate-core/6.4.4.Final/hibernate-core-6.4.4.Final.jar:/Users/yari/.m2/repository/jakarta/transaction/jakarta.transaction-api/2.0.1/jakarta.transaction-api-2.0.1.jar:/Users/yari/.m2/repository/org/jboss/logging/jboss-logging/3.5.3.Final/jboss-logging-3.5.3.Final.jar:/Users/yari/.m2/repository/org/hibernate/common/hibernate-commons-annotations/6.0.6.Final/hibernate-commons-annotations-6.0.6.Final.jar:/Users/yari/.m2/repository/io/smallrye/jandex/3.1.2/jandex-3.1.2.jar:/Users/yari/.m2/repository/com/fasterxml/classmate/1.6.0/classmate-1.6.0.jar:/Users/yari/.m2/repository/net/bytebuddy/byte-buddy/1.14.12/byte-buddy-1.14.12.jar:/Users/yari/.m2/repository/org/glassfish/jaxb/jaxb-runtime/4.0.4/jaxb-runtime-4.0.4.jar:/Users/yari/.m2/repository/org/glassfish/jaxb/jaxb-core/4.0.4/jaxb-core-4.0.4.jar:/Users/yari/.m2/repository/org/eclipse/angus/angus-activation/2.0.1/angus-activation-2.0.1.jar:/Users/yari/.m2/repository/org/glassfish/jaxb/txw2/4.0.4/txw2-4.0.4.jar:/Users/yari/.m2/repository/com/sun/istack/istack-commons-runtime/4.1.2/istack-commons-runtime-4.1.2.jar:/Users/yari/.m2/repository/jakarta/inject/jakarta.inject-api/2.0.1/jakarta.inject-api-2.0.1.jar:/Users/yari/.m2/repository/org/antlr/antlr4-runtime/4.13.0/antlr4-runtime-4.13.0.jar:/Users/yari/.m2/repository/org/hibernate/orm/hibernate-community-dialects/6.4.4.Final/hibernate-community-dialects-6.4.4.Final.jar:/Users/yari/.m2/repository/org/flywaydb/flyway-core/9.22.3/flyway-core-9.22.3.jar:/Users/yari/.m2/repository/com/fasterxml/jackson/dataformat/jackson-dataformat-toml/2.15.4/jackson-dataformat-toml-2.15.4.jar:/Users/yari/.m2/repository/com/google/code/gson/gson/2.10.1/gson-2.10.1.jar:/Users/yari/.m2/repository/jakarta/persistence/jakarta.persistence-api/3.1.0/jakarta.persistence-api-3.1.0.jar:/Users/yari/.m2/repository/org/projectlombok/lombok/1.18.30/lombok-1.18.30.jar:/Users/yari/.m2/repository/org/springframework/boot/spring-boot-starter-validation/3.2.3/spring-boot-starter-validation-3.2.3.jar:/Users/yari/.m2/repository/org/apache/tomcat/embed/tomcat-embed-el/10.1.19/tomcat-embed-el-10.1.19.jar:/Users/yari/.m2/repository/org/hibernate/validator/hibernate-validator/8.0.1.Final/hibernate-validator-8.0.1.Final.jar:/Users/yari/.m2/repository/jakarta/validation/jakarta.validation-api/3.0.2/jakarta.validation-api-3.0.2.jar:/Users/yari/.m2/repository/org/springframework/boot/spring-boot-starter-thymeleaf/3.2.3/spring-boot-starter-thymeleaf-3.2.3.jar:/Users/yari/.m2/repository/org/thymeleaf/thymeleaf-spring6/3.1.2.RELEASE/thymeleaf-spring6-3.1.2.RELEASE.jar:/Users/yari/.m2/repository/nz/net/ultraq/thymeleaf/thymeleaf-layout-dialect/3.3.0/thymeleaf-layout-dialect-3.3.0.jar:/Users/yari/.m2/repository/org/apache/groovy/groovy/4.0.18/groovy-4.0.18.jar:/Users/yari/.m2/repository/nz/net/ultraq/groovy/groovy-extensions/2.1.0/groovy-extensions-2.1.0.jar:/Users/yari/.m2/repository/nz/net/ultraq/thymeleaf/thymeleaf-expression-processor/3.2.0/thymeleaf-expression-processor-3.2.0.jar:/Users/yari/.m2/repository/org/thymeleaf/thymeleaf/3.1.2.RELEASE/thymeleaf-3.1.2.RELEASE.jar:/Users/yari/.m2/repository/ognl/ognl/3.3.4/ognl-3.3.4.jar:/Users/yari/.m2/repository/org/javassist/javassist/3.29.0-GA/javassist-3.29.0-GA.jar:/Users/yari/.m2/repository/org/attoparser/attoparser/2.0.7.RELEASE/attoparser-2.0.7.RELEASE.jar:/Users/yari/.m2/repository/org/unbescape/unbescape/1.1.6.RELEASE/unbescape-1.1.6.RELEASE.jar:/Users/yari/.m2/repository/org/slf4j/slf4j-api/2.0.12/slf4j-api-2.0.12.jar:"/>
    <property name="sun.cpu.endian" value="little"/>
    <property name="user.home" value="/Users/yari"/>
    <property name="user.language" value="it"/>
    <property name="java.specification.vendor" value="Oracle Corporation"/>
    <property name="java.version.date" value="2025-01-21"/>
    <property name="java.home" value="/opt/homebrew/Cellar/openjdk/23.0.2/libexec/openjdk.jdk/Contents/Home"/>
    <property name="file.separator" value="/"/>
    <property name="basedir" value="/Users/yari/git/cursor-test-uat"/>
    <property name="java.vm.compressedOopsMode" value="Zero based"/>
    <property name="line.separator" value="&#10;"/>
    <property name="java.vm.specification.vendor" value="Oracle Corporation"/>
    <property name="java.specification.name" value="Java Platform API Specification"/>
    <property name="FILE_LOG_CHARSET" value="UTF-8"/>
    <property name="java.awt.headless" value="true"/>
    <property name="apple.awt.application.name" value="ForkedBooter"/>
    <property name="surefire.real.class.path" value="/Users/yari/git/cursor-test-uat/target/surefire/surefirebooter-20250321000009224_3.jar"/>
    <property name="sun.management.compiler" value="HotSpot 64-Bit Tiered Compilers"/>
    <property name="ftp.nonProxyHosts" value="local|*.local|169.254/16|*.169.254/16"/>
    <property name="java.runtime.version" value="23.0.2"/>
    <property name="user.name" value="yari"/>
    <property name="stdout.encoding" value="UTF-8"/>
    <property name="path.separator" value=":"/>
    <property name="os.version" value="15.3.2"/>
    <property name="java.runtime.name" value="OpenJDK Runtime Environment"/>
    <property name="file.encoding" value="UTF-8"/>
    <property name="java.vm.name" value="OpenJDK 64-Bit Server VM"/>
    <property name="java.vendor.version" value="Homebrew"/>
    <property name="localRepository" value="/Users/yari/.m2/repository"/>
    <property name="java.vendor.url.bug" value="https://github.com/Homebrew/homebrew-core/issues"/>
    <property name="java.io.tmpdir" value="/var/folders/y8/qkj4q3hx1nn545zs8h9282dc0000gn/T/"/>
    <property name="com.zaxxer.hikari.pool_number" value="1"/>
    <property name="java.version" value="23.0.2"/>
    <property name="user.dir" value="/Users/yari/git/cursor-test-uat"/>
    <property name="os.arch" value="aarch64"/>
    <property name="java.vm.specification.name" value="Java Virtual Machine Specification"/>
    <property name="PID" value="56406"/>
    <property name="CONSOLE_LOG_CHARSET" value="UTF-8"/>
    <property name="native.encoding" value="UTF-8"/>
    <property name="java.library.path" value="/Users/yari/Library/Java/Extensions:/Library/Java/Extensions:/Network/Library/Java/Extensions:/System/Library/Java/Extensions:/usr/lib/java:."/>
    <property name="java.vm.info" value="mixed mode, sharing"/>
    <property name="stderr.encoding" value="UTF-8"/>
    <property name="java.vendor" value="Homebrew"/>
    <property name="java.vm.version" value="23.0.2"/>
    <property name="sun.io.unicode.encoding" value="UnicodeBig"/>
    <property name="socksNonProxyHosts" value="local|*.local|169.254/16|*.169.254/16"/>
    <property name="java.class.version" value="67.0"/>
  </properties>
  <testcase name="testInvalidTicketRequest" classname="com.example.TestGenerationIntegrationTest" time="0.404">
    <failure message="Status expected:&lt;400&gt; but was:&lt;200&gt;" type="java.lang.AssertionError"><![CDATA[java.lang.AssertionError: Status expected:<400> but was:<200>
	at org.springframework.test.util.AssertionErrors.fail(AssertionErrors.java:59)
	at org.springframework.test.util.AssertionErrors.assertEquals(AssertionErrors.java:122)
	at org.springframework.test.web.servlet.result.StatusResultMatchers.lambda$matcher$9(StatusResultMatchers.java:637)
	at org.springframework.test.web.servlet.MockMvc$1.andExpect(MockMvc.java:214)
	at com.example.TestGenerationIntegrationTest.testInvalidTicketRequest(TestGenerationIntegrationTest.java:109)
	at java.base/java.lang.reflect.Method.invoke(Method.java:580)
	at java.base/java.util.ArrayList.forEach(ArrayList.java:1597)
	at java.base/java.util.ArrayList.forEach(ArrayList.java:1597)
]]></failure>
    <system-out><![CDATA[00:00:09.641 [main] INFO org.springframework.test.context.support.AnnotationConfigContextLoaderUtils -- Could not detect default configuration classes for test class [com.example.TestGenerationIntegrationTest]: TestGenerationIntegrationTest does not declare any static, non-private, non-final, nested classes annotated with @Configuration.
00:00:09.704 [main] INFO org.springframework.boot.test.context.SpringBootTestContextBootstrapper -- Found @SpringBootConfiguration com.example.Application for test class com.example.TestGenerationIntegrationTest
00:00:09,573 |-INFO in ch.qos.logback.classic.LoggerContext[default] - This is logback-classic version 1.4.14
00:00:09,574 |-INFO in ch.qos.logback.classic.util.ContextInitializer@74abbb - Here is a list of configurators discovered as a service, by rank: 
00:00:09,574 |-INFO in ch.qos.logback.classic.util.ContextInitializer@74abbb -   org.springframework.boot.logging.logback.RootLogLevelConfigurator
00:00:09,574 |-INFO in ch.qos.logback.classic.util.ContextInitializer@74abbb - They will be invoked in order until ExecutionStatus.DO_NOT_INVOKE_NEXT_IF_ANY is returned.
00:00:09,574 |-INFO in ch.qos.logback.classic.util.ContextInitializer@74abbb - Constructed configurator of type class org.springframework.boot.logging.logback.RootLogLevelConfigurator
00:00:09,578 |-INFO in ch.qos.logback.classic.util.ContextInitializer@74abbb - org.springframework.boot.logging.logback.RootLogLevelConfigurator.configure() call lasted 0 milliseconds. ExecutionStatus=INVOKE_NEXT_IF_ANY
00:00:09,578 |-INFO in ch.qos.logback.classic.util.ContextInitializer@74abbb - Trying to configure with ch.qos.logback.classic.joran.SerializedModelConfigurator
00:00:09,579 |-INFO in ch.qos.logback.classic.util.ContextInitializer@74abbb - Constructed configurator of type class ch.qos.logback.classic.joran.SerializedModelConfigurator
00:00:09,581 |-INFO in ch.qos.logback.classic.LoggerContext[default] - Could NOT find resource [logback-test.scmo]
00:00:09,581 |-INFO in ch.qos.logback.classic.LoggerContext[default] - Could NOT find resource [logback.scmo]
00:00:09,581 |-INFO in ch.qos.logback.classic.util.ContextInitializer@74abbb - ch.qos.logback.classic.joran.SerializedModelConfigurator.configure() call lasted 2 milliseconds. ExecutionStatus=INVOKE_NEXT_IF_ANY
00:00:09,581 |-INFO in ch.qos.logback.classic.util.ContextInitializer@74abbb - Trying to configure with ch.qos.logback.classic.util.DefaultJoranConfigurator
00:00:09,581 |-INFO in ch.qos.logback.classic.util.ContextInitializer@74abbb - Constructed configurator of type class ch.qos.logback.classic.util.DefaultJoranConfigurator
00:00:09,581 |-INFO in ch.qos.logback.classic.LoggerContext[default] - Could NOT find resource [logback-test.xml]
00:00:09,581 |-INFO in ch.qos.logback.classic.LoggerContext[default] - Could NOT find resource [logback.xml]
00:00:09,581 |-INFO in ch.qos.logback.classic.util.ContextInitializer@74abbb - ch.qos.logback.classic.util.DefaultJoranConfigurator.configure() call lasted 0 milliseconds. ExecutionStatus=INVOKE_NEXT_IF_ANY
00:00:09,581 |-INFO in ch.qos.logback.classic.util.ContextInitializer@74abbb - Trying to configure with ch.qos.logback.classic.BasicConfigurator
00:00:09,583 |-INFO in ch.qos.logback.classic.util.ContextInitializer@74abbb - Constructed configurator of type class ch.qos.logback.classic.BasicConfigurator
00:00:09,583 |-INFO in ch.qos.logback.classic.BasicConfigurator@64a4dd8d - Setting up default configuration.
00:00:09,596 |-INFO in ch.qos.logback.classic.util.ContextInitializer@74abbb - ch.qos.logback.classic.BasicConfigurator.configure() call lasted 13 milliseconds. ExecutionStatus=NEUTRAL
00:00:09,905 |-INFO in ch.qos.logback.core.model.processor.AppenderModelHandler - Processing appender named [Console]
00:00:09,905 |-INFO in ch.qos.logback.core.model.processor.AppenderModelHandler - About to instantiate appender of type [ch.qos.logback.core.ConsoleAppender]
00:00:09,912 |-WARN in ch.qos.logback.core.ConsoleAppender[Console] - This appender no longer admits a layout as a sub-component, set an encoder instead.
00:00:09,912 |-WARN in ch.qos.logback.core.ConsoleAppender[Console] - To ensure compatibility, wrapping your layout in LayoutWrappingEncoder.
00:00:09,912 |-WARN in ch.qos.logback.core.ConsoleAppender[Console] - See also http://logback.qos.ch/codes.html#layoutInsteadOfEncoder for details
00:00:09,912 |-INFO in ch.qos.logback.core.model.processor.AppenderModelHandler - Processing appender named [RollingFile]
00:00:09,912 |-INFO in ch.qos.logback.core.model.processor.AppenderModelHandler - About to instantiate appender of type [ch.qos.logback.core.rolling.RollingFileAppender]
00:00:09,920 |-INFO in c.q.l.core.rolling.TimeBasedRollingPolicy@769507769 - No compression will be used
00:00:09,920 |-INFO in c.q.l.core.rolling.TimeBasedRollingPolicy@769507769 - Will use the pattern ./logs/archived/spring-boot-logger-%d{yyyy-MM-dd}.%i.log for the active file
00:00:09,930 |-INFO in ch.qos.logback.core.rolling.SizeAndTimeBasedFNATP@65a5d4f9 - The date pattern is 'yyyy-MM-dd' from file name pattern './logs/archived/spring-boot-logger-%d{yyyy-MM-dd}.%i.log'.
00:00:09,930 |-INFO in ch.qos.logback.core.rolling.SizeAndTimeBasedFNATP@65a5d4f9 - Roll-over at midnight.
00:00:09,935 |-INFO in ch.qos.logback.core.rolling.SizeAndTimeBasedFNATP@65a5d4f9 - Setting initial period to 2025-03-20T22:43:07.560Z
00:00:09,935 |-WARN in ch.qos.logback.core.rolling.SizeAndTimeBasedFNATP@65a5d4f9 - SizeAndTimeBasedFNATP is deprecated. Use SizeAndTimeBasedRollingPolicy instead
00:00:09,935 |-WARN in ch.qos.logback.core.rolling.SizeAndTimeBasedFNATP@65a5d4f9 - For more information see http://logback.qos.ch/manual/appenders.html#SizeAndTimeBasedRollingPolicy
00:00:09,936 |-INFO in ch.qos.logback.core.rolling.RollingFileAppender[RollingFile] - Active log file name: ./logs/spring-boot-logger.log
00:00:09,936 |-INFO in ch.qos.logback.core.rolling.RollingFileAppender[RollingFile] - File property is set to [./logs/spring-boot-logger.log]
00:00:09,937 |-INFO in ch.qos.logback.core.model.processor.AppenderModelHandler - Processing appender named [JsonFile]
00:00:09,937 |-INFO in ch.qos.logback.core.model.processor.AppenderModelHandler - About to instantiate appender of type [ch.qos.logback.core.rolling.RollingFileAppender]
00:00:09,992 |-INFO in c.q.l.core.rolling.TimeBasedRollingPolicy@1076462213 - No compression will be used
00:00:09,992 |-INFO in c.q.l.core.rolling.TimeBasedRollingPolicy@1076462213 - Will use the pattern ./logs/archived/json-logger-%d{yyyy-MM-dd}.%i.log for the active file
00:00:09,992 |-INFO in ch.qos.logback.core.rolling.SizeAndTimeBasedFNATP@22367b8 - The date pattern is 'yyyy-MM-dd' from file name pattern './logs/archived/json-logger-%d{yyyy-MM-dd}.%i.log'.
00:00:09,992 |-INFO in ch.qos.logback.core.rolling.SizeAndTimeBasedFNATP@22367b8 - Roll-over at midnight.
00:00:09,992 |-INFO in ch.qos.logback.core.rolling.SizeAndTimeBasedFNATP@22367b8 - Setting initial period to 2025-03-20T22:43:07.560Z
00:00:09,992 |-WARN in ch.qos.logback.core.rolling.SizeAndTimeBasedFNATP@22367b8 - SizeAndTimeBasedFNATP is deprecated. Use SizeAndTimeBasedRollingPolicy instead
00:00:09,992 |-WARN in ch.qos.logback.core.rolling.SizeAndTimeBasedFNATP@22367b8 - For more information see http://logback.qos.ch/manual/appenders.html#SizeAndTimeBasedRollingPolicy
00:00:09,993 |-INFO in ch.qos.logback.core.rolling.RollingFileAppender[JsonFile] - Active log file name: ./logs/json-logger.log
00:00:09,993 |-INFO in ch.qos.logback.core.rolling.RollingFileAppender[JsonFile] - File property is set to [./logs/json-logger.log]
00:00:09,993 |-INFO in ch.qos.logback.classic.model.processor.RootLoggerModelHandler - Setting level of ROOT logger to INFO
00:00:09,993 |-INFO in ch.qos.logback.classic.jul.LevelChangePropagator@41b0ae4c - Propagating INFO level on Logger[ROOT] onto the JUL framework
00:00:09,993 |-INFO in ch.qos.logback.core.model.processor.AppenderRefModelHandler - Attaching appender named [RollingFile] to Logger[ROOT]
00:00:09,993 |-INFO in ch.qos.logback.core.model.processor.AppenderRefModelHandler - Attaching appender named [Console] to Logger[ROOT]
00:00:09,993 |-INFO in ch.qos.logback.core.model.processor.AppenderRefModelHandler - Attaching appender named [JsonFile] to Logger[ROOT]
00:00:09,993 |-INFO in ch.qos.logback.classic.model.processor.LoggerModelHandler - Setting level of logger [com.example] to DEBUG
00:00:09,993 |-INFO in ch.qos.logback.classic.jul.LevelChangePropagator@41b0ae4c - Propagating DEBUG level on Logger[com.example] onto the JUL framework
00:00:09,994 |-INFO in ch.qos.logback.classic.model.processor.LoggerModelHandler - Setting additivity of logger [com.example] to false
00:00:09,994 |-INFO in ch.qos.logback.core.model.processor.AppenderRefModelHandler - Attaching appender named [RollingFile] to Logger[com.example]
00:00:09,994 |-INFO in ch.qos.logback.core.model.processor.AppenderRefModelHandler - Attaching appender named [Console] to Logger[com.example]
00:00:09,995 |-INFO in ch.qos.logback.core.model.processor.AppenderRefModelHandler - Attaching appender named [JsonFile] to Logger[com.example]
00:00:09,995 |-INFO in ch.qos.logback.core.model.processor.DefaultProcessor@af9a89f - End of configuration.
00:00:09,995 |-INFO in org.springframework.boot.logging.logback.SpringBootJoranConfigurator@6482eef - Registering current configuration as safe fallback point


  .   ____          _            __ _ _
 /\\ / ___'_ __ _ _(_)_ __  __ _ \ \ \ \
( ( )\___ | '_ | '_| | '_ \/ _` | \ \ \ \
 \\/  ___)| |_)| | | | | || (_| |  ) ) ) )
  '  |____| .__|_| |_|_| |_\__, | / / / /
 =========|_|==============|___/=/_/_/_/
&amp#27;[32m :: Spring Boot :: &amp#27;[39m              &amp#27;[2m (v3.2.3)&amp#27;[0;39m

&amp#27;[37m2025-03-21 00:00:10,025&amp#27;[0;39m &amp#27;[34mINFO &amp#27;[0;39m [&amp#27;[34mbackground-preinit&amp#27;[0;39m] &amp#27;[33mo.h.v.i.u.Version&amp#27;[0;39m: HV000001: Hibernate Validator 8.0.1.Final
&amp#27;[37m2025-03-21 00:00:10,043&amp#27;[0;39m &amp#27;[34mINFO &amp#27;[0;39m [&amp#27;[34mmain&amp#27;[0;39m] &amp#27;[33mo.s.b.StartupInfoLogger&amp#27;[0;39m: Starting TestGenerationIntegrationTest using Java 23.0.2 with PID 56406 (started by yari in /Users/yari/git/cursor-test-uat)
&amp#27;[37m2025-03-21 00:00:10,044&amp#27;[0;39m &amp#27;[39mDEBUG&amp#27;[0;39m [&amp#27;[34mmain&amp#27;[0;39m] &amp#27;[33mo.s.b.StartupInfoLogger&amp#27;[0;39m: Running with Spring Boot v3.2.3, Spring v6.1.4
&amp#27;[37m2025-03-21 00:00:10,045&amp#27;[0;39m &amp#27;[34mINFO &amp#27;[0;39m [&amp#27;[34mmain&amp#27;[0;39m] &amp#27;[33mo.s.b.SpringApplication&amp#27;[0;39m: No active profile set, falling back to 1 default profile: "default"
&amp#27;[37m2025-03-21 00:00:10,447&amp#27;[0;39m &amp#27;[34mINFO &amp#27;[0;39m [&amp#27;[34mmain&amp#27;[0;39m] &amp#27;[33mo.s.d.r.c.RepositoryConfigurationDelegate&amp#27;[0;39m: Bootstrapping Spring Data JPA repositories in DEFAULT mode.
&amp#27;[37m2025-03-21 00:00:10,521&amp#27;[0;39m &amp#27;[34mINFO &amp#27;[0;39m [&amp#27;[34mmain&amp#27;[0;39m] &amp#27;[33mo.s.d.r.c.RepositoryConfigurationDelegate&amp#27;[0;39m: Finished Spring Data repository scanning in 69 ms. Found 5 JPA repository interfaces.
&amp#27;[37m2025-03-21 00:00:10,775&amp#27;[0;39m &amp#27;[34mINFO &amp#27;[0;39m [&amp#27;[34mmain&amp#27;[0;39m] &amp#27;[33mc.z.h.HikariDataSource&amp#27;[0;39m: HikariPool-1 - Starting...
&amp#27;[37m2025-03-21 00:00:10,996&amp#27;[0;39m &amp#27;[34mINFO &amp#27;[0;39m [&amp#27;[34mmain&amp#27;[0;39m] &amp#27;[33mc.z.h.p.HikariPool&amp#27;[0;39m: HikariPool-1 - Added connection org.sqlite.jdbc4.JDBC4Connection@5dae5a70
&amp#27;[37m2025-03-21 00:00:10,997&amp#27;[0;39m &amp#27;[34mINFO &amp#27;[0;39m [&amp#27;[34mmain&amp#27;[0;39m] &amp#27;[33mc.z.h.HikariDataSource&amp#27;[0;39m: HikariPool-1 - Start completed.
&amp#27;[37m2025-03-21 00:00:11,043&amp#27;[0;39m &amp#27;[34mINFO &amp#27;[0;39m [&amp#27;[34mmain&amp#27;[0;39m] &amp#27;[33mo.f.c.i.l.s.Slf4jLog&amp#27;[0;39m: Flyway Community Edition 9.22.3 by Redgate
&amp#27;[37m2025-03-21 00:00:11,044&amp#27;[0;39m &amp#27;[34mINFO &amp#27;[0;39m [&amp#27;[34mmain&amp#27;[0;39m] &amp#27;[33mo.f.c.i.l.s.Slf4jLog&amp#27;[0;39m: See release notes here: https://rd.gt/416ObMi
&amp#27;[37m2025-03-21 00:00:11,044&amp#27;[0;39m &amp#27;[34mINFO &amp#27;[0;39m [&amp#27;[34mmain&amp#27;[0;39m] &amp#27;[33mo.f.c.i.l.s.Slf4jLog&amp#27;[0;39m: 
&amp#27;[37m2025-03-21 00:00:11,050&amp#27;[0;39m &amp#27;[34mINFO &amp#27;[0;39m [&amp#27;[34mmain&amp#27;[0;39m] &amp#27;[33mo.f.c.i.l.s.Slf4jLog&amp#27;[0;39m: Database: jdbc:sqlite:test_generation.db (SQLite 3.36)
&amp#27;[37m2025-03-21 00:00:11,065&amp#27;[0;39m &amp#27;[34mINFO &amp#27;[0;39m [&amp#27;[34mmain&amp#27;[0;39m] &amp#27;[33mo.f.c.i.l.s.Slf4jLog&amp#27;[0;39m: Successfully validated 1 migration (execution time 00:00.006s)
&amp#27;[37m2025-03-21 00:00:11,068&amp#27;[0;39m &amp#27;[34mINFO &amp#27;[0;39m [&amp#27;[34mmain&amp#27;[0;39m] &amp#27;[33mo.f.c.i.l.s.Slf4jLog&amp#27;[0;39m: Current version of schema "main": 1
&amp#27;[37m2025-03-21 00:00:11,070&amp#27;[0;39m &amp#27;[34mINFO &amp#27;[0;39m [&amp#27;[34mmain&amp#27;[0;39m] &amp#27;[33mo.f.c.i.l.s.Slf4jLog&amp#27;[0;39m: Schema "main" is up to date. No migration necessary.
&amp#27;[37m2025-03-21 00:00:11,108&amp#27;[0;39m &amp#27;[34mINFO &amp#27;[0;39m [&amp#27;[34mmain&amp#27;[0;39m] &amp#27;[33mo.h.j.i.u.LogHelper&amp#27;[0;39m: HHH000204: Processing PersistenceUnitInfo [name: default]
&amp#27;[37m2025-03-21 00:00:11,136&amp#27;[0;39m &amp#27;[34mINFO &amp#27;[0;39m [&amp#27;[34mmain&amp#27;[0;39m] &amp#27;[33mo.h.Version&amp#27;[0;39m: HHH000412: Hibernate ORM core version 6.4.4.Final
&amp#27;[37m2025-03-21 00:00:11,157&amp#27;[0;39m &amp#27;[34mINFO &amp#27;[0;39m [&amp#27;[34mmain&amp#27;[0;39m] &amp#27;[33mo.h.c.i.RegionFactoryInitiator&amp#27;[0;39m: HHH000026: Second-level cache disabled
&amp#27;[37m2025-03-21 00:00:11,277&amp#27;[0;39m &amp#27;[34mINFO &amp#27;[0;39m [&amp#27;[34mmain&amp#27;[0;39m] &amp#27;[33mo.s.o.j.p.SpringPersistenceUnitInfo&amp#27;[0;39m: No LoadTimeWeaver setup: ignoring JPA class transformer
&amp#27;[37m2025-03-21 00:00:11,788&amp#27;[0;39m &amp#27;[34mINFO &amp#27;[0;39m [&amp#27;[34mmain&amp#27;[0;39m] &amp#27;[33mo.h.e.t.j.p.i.JtaPlatformInitiator&amp#27;[0;39m: HHH000489: No JTA platform available (set 'hibernate.transaction.jta.platform' to enable JTA platform integration)
&amp#27;[37m2025-03-21 00:00:11,802&amp#27;[0;39m &amp#27;[39mDEBUG&amp#27;[0;39m [&amp#27;[34mmain&amp#27;[0;39m] &amp#27;[33mo.h.e.j.s.SqlStatementLogger&amp#27;[0;39m: 
    alter table test_generation_jobs 
       add column components varchar(255)
Hibernate: 
    alter table test_generation_jobs 
       add column components varchar(255)
&amp#27;[37m2025-03-21 00:00:11,806&amp#27;[0;39m &amp#27;[34mINFO &amp#27;[0;39m [&amp#27;[34mmain&amp#27;[0;39m] &amp#27;[33mo.s.o.j.AbstractEntityManagerFactoryBean&amp#27;[0;39m: Initialized JPA EntityManagerFactory for persistence unit 'default'
&amp#27;[37m2025-03-21 00:00:12,135&amp#27;[0;39m &amp#27;[34mINFO &amp#27;[0;39m [&amp#27;[34mmain&amp#27;[0;39m] &amp#27;[33mc.e.c.TestGenerationController&amp#27;[0;39m: TestGenerationController initialized with TestGenerationService
&amp#27;[37m2025-03-21 00:00:12,242&amp#27;[0;39m &amp#27;[31mWARN &amp#27;[0;39m [&amp#27;[34mmain&amp#27;[0;39m] &amp#27;[33mo.s.b.a.o.j.JpaBaseConfiguration$JpaWebConfiguration&amp#27;[0;39m: spring.jpa.open-in-view is enabled by default. Therefore, database queries may be performed during view rendering. Explicitly configure spring.jpa.open-in-view to disable this warning
&amp#27;[37m2025-03-21 00:00:12,459&amp#27;[0;39m &amp#27;[34mINFO &amp#27;[0;39m [&amp#27;[34mmain&amp#27;[0;39m] &amp#27;[33mo.s.m.w.MockServletContext&amp#27;[0;39m: Initializing Spring TestDispatcherServlet ''
&amp#27;[37m2025-03-21 00:00:12,460&amp#27;[0;39m &amp#27;[34mINFO &amp#27;[0;39m [&amp#27;[34mmain&amp#27;[0;39m] &amp#27;[33mo.s.w.s.FrameworkServlet&amp#27;[0;39m: Initializing Servlet ''
&amp#27;[37m2025-03-21 00:00:12,461&amp#27;[0;39m &amp#27;[34mINFO &amp#27;[0;39m [&amp#27;[34mmain&amp#27;[0;39m] &amp#27;[33mo.s.w.s.FrameworkServlet&amp#27;[0;39m: Completed initialization in 0 ms
&amp#27;[37m2025-03-21 00:00:12,491&amp#27;[0;39m &amp#27;[34mINFO &amp#27;[0;39m [&amp#27;[34mmain&amp#27;[0;39m] &amp#27;[33mo.s.b.StartupInfoLogger&amp#27;[0;39m: Started TestGenerationIntegrationTest in 2.719 seconds (process running for 3.207)
&amp#27;[37m2025-03-21 00:00:12,881&amp#27;[0;39m &amp#27;[34mINFO &amp#27;[0;39m [&amp#27;[34mmain&amp#27;[0;39m] &amp#27;[33mc.e.c.TestGenerationController&amp#27;[0;39m: Starting asynchronous test generation for ticket:  with jobId: f9c06d15-ee08-4ad6-b2b1-460310c76001

MockHttpServletRequest:
      HTTP Method = POST
      Request URI = /generate-tests/async
       Parameters = {}
          Headers = [Content-Type:"application/json;charset=UTF-8", Content-Length:"64"]
             Body = {
    "content": "",
    "ticketId": "",
    "components": []
}

    Session Attrs = {}

Handler:
             Type = com.example.controller.TestGenerationController
           Method = com.example.controller.TestGenerationController#startTestGeneration(TicketContentDto)

Async:
    Async started = false
     Async result = null

Resolved Exception:
             Type = null

ModelAndView:
        View name = null
             View = null
            Model = null

FlashMap:
       Attributes = null

MockHttpServletResponse:
           Status = 200
    Error message = null
          Headers = [Content-Type:"application/json"]
     Content type = application/json
             Body = {"message":"Test generation process started","jobId":"f9c06d15-ee08-4ad6-b2b1-460310c76001","status":"STARTED"}
    Forwarded URL = null
   Redirected URL = null
          Cookies = []
&amp#27;[37m2025-03-21 00:00:12,903&amp#27;[0;39m &amp#27;[39mDEBUG&amp#27;[0;39m [&amp#27;[34mTestGeneration-1&amp#27;[0;39m] &amp#27;[33mo.h.e.j.s.SqlStatementLogger&amp#27;[0;39m: 
    /* insert for
        com.example.model.GenerationJob */insert 
    into
        generation_job (created_at, generated_test_id, status, ticket_content_id, timestamp, uid, updated_at) 
    values
        (?, ?, ?, ?, ?, ?, ?)
Hibernate: 
    /* insert for
        com.example.model.GenerationJob */insert 
    into
        generation_job (created_at, generated_test_id, status, ticket_content_id, timestamp, uid, updated_at) 
    values
        (?, ?, ?, ?, ?, ?, ?)
]]></system-out>
    <system-err><![CDATA[WARNING: A Java agent has been loaded dynamically (/Users/yari/.m2/repository/net/bytebuddy/byte-buddy-agent/1.14.12/byte-buddy-agent-1.14.12.jar)
WARNING: If a serviceability tool is in use, please run with -XX:+EnableDynamicAgentLoading to hide this warning
WARNING: If a serviceability tool is not in use, please run with -Djdk.instrument.traceUsage for more information
WARNING: Dynamic loading of agents will be disallowed by default in a future release
]]></system-err>
  </testcase>
  <testcase name="testCompleteTestGenerationFlow" classname="com.example.TestGenerationIntegrationTest" time="0.074">
    <failure message="JSON path &quot;$.status&quot; expected:&lt;STARTED&gt; but was:&lt;NOT_FOUND&gt;" type="java.lang.AssertionError"><![CDATA[java.lang.AssertionError: JSON path "$.status" expected:<STARTED> but was:<NOT_FOUND>
	at org.springframework.test.util.AssertionErrors.fail(AssertionErrors.java:59)
	at org.springframework.test.util.AssertionErrors.assertEquals(AssertionErrors.java:122)
	at org.springframework.test.util.JsonPathExpectationsHelper.assertValue(JsonPathExpectationsHelper.java:123)
	at org.springframework.test.web.servlet.result.JsonPathResultMatchers.lambda$value$2(JsonPathResultMatchers.java:111)
	at org.springframework.test.web.servlet.MockMvc$1.andExpect(MockMvc.java:214)
	at com.example.TestGenerationIntegrationTest.testCompleteTestGenerationFlow(TestGenerationIntegrationTest.java:60)
	at java.base/java.lang.reflect.Method.invoke(Method.java:580)
	at java.base/java.util.ArrayList.forEach(ArrayList.java:1597)
	at java.base/java.util.ArrayList.forEach(ArrayList.java:1597)
]]></failure>
    <system-out><![CDATA[&amp#27;[37m2025-03-21 00:00:12,907&amp#27;[0;39m &amp#27;[34mINFO &amp#27;[0;39m [&amp#27;[34mmain&amp#27;[0;39m] &amp#27;[33mc.e.c.TestGenerationController&amp#27;[0;39m: Starting asynchronous test generation for ticket: PROJ-123 with jobId: 8d6db53b-00fb-4cb8-b96c-b3a03740bfd1
&amp#27;[37m2025-03-21 00:00:12,907&amp#27;[0;39m &amp#27;[39mDEBUG&amp#27;[0;39m [&amp#27;[34mTestGeneration-1&amp#27;[0;39m] &amp#27;[33mo.h.e.j.s.SqlStatementLogger&amp#27;[0;39m: 
    select
        last_insert_rowid()
Hibernate: 
    select
        last_insert_rowid()
&amp#27;[37m2025-03-21 00:00:12,909&amp#27;[0;39m &amp#27;[39mDEBUG&amp#27;[0;39m [&amp#27;[34mTestGeneration-2&amp#27;[0;39m] &amp#27;[33mo.h.e.j.s.SqlStatementLogger&amp#27;[0;39m: 
    /* insert for
        com.example.model.GenerationJob */insert 
    into
        generation_job (created_at, generated_test_id, status, ticket_content_id, timestamp, uid, updated_at) 
    values
        (?, ?, ?, ?, ?, ?, ?)
Hibernate: 
    /* insert for
        com.example.model.GenerationJob */insert 
    into
        generation_job (created_at, generated_test_id, status, ticket_content_id, timestamp, uid, updated_at) 
    values
        (?, ?, ?, ?, ?, ?, ?)
&amp#27;[37m2025-03-21 00:00:12,919&amp#27;[0;39m &amp#27;[39mDEBUG&amp#27;[0;39m [&amp#27;[34mTestGeneration-2&amp#27;[0;39m] &amp#27;[33mo.h.e.j.s.SqlStatementLogger&amp#27;[0;39m: 
    select
        last_insert_rowid()
Hibernate: 
    select
        last_insert_rowid()
&amp#27;[37m2025-03-21 00:00:12,928&amp#27;[0;39m &amp#27;[34mINFO &amp#27;[0;39m [&amp#27;[34mmain&amp#27;[0;39m] &amp#27;[33mc.e.c.TestGenerationController&amp#27;[0;39m: Checking status for jobId: 8d6db53b-00fb-4cb8-b96c-b3a03740bfd1
&amp#27;[37m2025-03-21 00:00:12,934&amp#27;[0;39m &amp#27;[39mDEBUG&amp#27;[0;39m [&amp#27;[34mTestGeneration-1&amp#27;[0;39m] &amp#27;[33mo.h.e.j.s.SqlStatementLogger&amp#27;[0;39m: 
    select
        gj1_0.id,
        gj1_0.created_at,
        gt1_0.id,
        gt1_0.attempts,
        gt1_0.created_at,
        gt1_0.test_content,
        gt1_0.uid,
        gt1_0.updated_at,
        gt1_0.validated,
        gj1_0.status,
        tc1_0.id,
        tc1_0.content,
        tc1_0.created_at,
        tc1_0.uid,
        tc1_0.updated_at,
        gj1_0.timestamp,
        gj1_0.uid,
        gj1_0.updated_at 
    from
        generation_job gj1_0 
    left join
        generated_test gt1_0 
            on gt1_0.id=gj1_0.generated_test_id 
    left join
        ticket_content tc1_0 
            on tc1_0.id=gj1_0.ticket_content_id 
    where
        gj1_0.id=?
&amp#27;[37m2025-03-21 00:00:12,934&amp#27;[0;39m &amp#27;[39mDEBUG&amp#27;[0;39m [&amp#27;[34mTestGeneration-2&amp#27;[0;39m] &amp#27;[33mo.h.e.j.s.SqlStatementLogger&amp#27;[0;39m: 
    select
        gj1_0.id,
        gj1_0.created_at,
        gt1_0.id,
        gt1_0.attempts,
        gt1_0.created_at,
        gt1_0.test_content,
        gt1_0.uid,
        gt1_0.updated_at,
        gt1_0.validated,
        gj1_0.status,
        tc1_0.id,
        tc1_0.content,
        tc1_0.created_at,
        tc1_0.uid,
        tc1_0.updated_at,
        gj1_0.timestamp,
        gj1_0.uid,
        gj1_0.updated_at 
    from
        generation_job gj1_0 
    left join
        generated_test gt1_0 
            on gt1_0.id=gj1_0.generated_test_id 
    left join
        ticket_content tc1_0 
            on tc1_0.id=gj1_0.ticket_content_id 
    where
        gj1_0.id=?
Hibernate: 
    select
        gj1_0.id,
        gj1_0.created_at,
        gt1_0.id,
        gt1_0.attempts,
        gt1_0.created_at,
        gt1_0.test_content,
        gt1_0.uid,
        gt1_0.updated_at,
        gt1_0.validated,
        gj1_0.status,
        tc1_0.id,
        tc1_0.content,
        tc1_0.created_at,
        tc1_0.uid,
        tc1_0.updated_at,
        gj1_0.timestamp,
        gj1_0.uid,
        gj1_0.updated_at 
    from
        generation_job gj1_0 
    left join
        generated_test gt1_0 
            on gt1_0.id=gj1_0.generated_test_id 
    left join
        ticket_content tc1_0 
            on tc1_0.id=gj1_0.ticket_content_id 
    where
        gj1_0.id=?
Hibernate: 
    select
        gj1_0.id,
        gj1_0.created_at,
        gt1_0.id,
        gt1_0.attempts,
        gt1_0.created_at,
        gt1_0.test_content,
        gt1_0.uid,
        gt1_0.updated_at,
        gt1_0.validated,
        gj1_0.status,
        tc1_0.id,
        tc1_0.content,
        tc1_0.created_at,
        tc1_0.uid,
        tc1_0.updated_at,
        gj1_0.timestamp,
        gj1_0.uid,
        gj1_0.updated_at 
    from
        generation_job gj1_0 
    left join
        generated_test gt1_0 
            on gt1_0.id=gj1_0.generated_test_id 
    left join
        ticket_content tc1_0 
            on tc1_0.id=gj1_0.ticket_content_id 
    where
        gj1_0.id=?
&amp#27;[37m2025-03-21 00:00:12,938&amp#27;[0;39m &amp#27;[39mDEBUG&amp#27;[0;39m [&amp#27;[34mTestGeneration-2&amp#27;[0;39m] &amp#27;[33mo.h.e.j.s.SqlStatementLogger&amp#27;[0;39m: 
    /* insert for
        com.example.model.TicketContent */insert 
    into
        ticket_content (content, created_at, uid, updated_at) 
    values
        (?, ?, ?, ?)
&amp#27;[37m2025-03-21 00:00:12,938&amp#27;[0;39m &amp#27;[39mDEBUG&amp#27;[0;39m [&amp#27;[34mTestGeneration-1&amp#27;[0;39m] &amp#27;[33mo.h.e.j.s.SqlStatementLogger&amp#27;[0;39m: 
    /* insert for
        com.example.model.TicketContent */insert 
    into
        ticket_content (content, created_at, uid, updated_at) 
    values
        (?, ?, ?, ?)
Hibernate: 
    /* insert for
        com.example.model.TicketContent */insert 
    into
        ticket_content (content, created_at, uid, updated_at) 
    values
        (?, ?, ?, ?)
Hibernate: 
    /* insert for
        com.example.model.TicketContent */insert 
    into
        ticket_content (content, created_at, uid, updated_at) 
    values
        (?, ?, ?, ?)
&amp#27;[37m2025-03-21 00:00:12,939&amp#27;[0;39m &amp#27;[39mDEBUG&amp#27;[0;39m [&amp#27;[34mTestGeneration-2&amp#27;[0;39m] &amp#27;[33mo.h.e.j.s.SqlStatementLogger&amp#27;[0;39m: 
    select
        last_insert_rowid()
Hibernate: 
    select
        last_insert_rowid()
&amp#27;[37m2025-03-21 00:00:12,941&amp#27;[0;39m &amp#27;[31mWARN &amp#27;[0;39m [&amp#27;[34mTestGeneration-1&amp#27;[0;39m] &amp#27;[33mo.h.e.j.s.SqlExceptionHelper&amp#27;[0;39m: SQL Error: 5, SQLState: null
&amp#27;[37m2025-03-21 00:00:12,941&amp#27;[0;39m &amp#27;[1;31mERROR&amp#27;[0;39m [&amp#27;[34mTestGeneration-1&amp#27;[0;39m] &amp#27;[33mo.h.e.j.s.SqlExceptionHelper&amp#27;[0;39m: [SQLITE_BUSY]  The database file is locked (database is locked)
&amp#27;[37m2025-03-21 00:00:12,944&amp#27;[0;39m &amp#27;[39mDEBUG&amp#27;[0;39m [&amp#27;[34mTestGeneration-2&amp#27;[0;39m] &amp#27;[33mo.h.e.j.s.SqlStatementLogger&amp#27;[0;39m: 
    /* update
        for com.example.model.GenerationJob */update generation_job 
    set
        created_at=?,
        generated_test_id=?,
        status=?,
        ticket_content_id=?,
        timestamp=?,
        uid=?,
        updated_at=? 
    where
        id=?
Hibernate: 
    /* update
        for com.example.model.GenerationJob */update generation_job 
    set
        created_at=?,
        generated_test_id=?,
        status=?,
        ticket_content_id=?,
        timestamp=?,
        uid=?,
        updated_at=? 
    where
        id=?
&amp#27;[37m2025-03-21 00:00:12,945&amp#27;[0;39m &amp#27;[1;31mERROR&amp#27;[0;39m [&amp#27;[34mTestGeneration-1&amp#27;[0;39m] &amp#27;[33mo.s.a.i.SimpleAsyncUncaughtExceptionHandler&amp#27;[0;39m: Unexpected exception occurred invoking async method: public void com.example.service.TestGenerationService.startTestGeneration(java.lang.String,com.example.dto.TicketContentDto)
org.springframework.dao.CannotAcquireLockException: could not execute statement [[SQLITE_BUSY]  The database file is locked (database is locked)] [/* insert for com.example.model.TicketContent */insert into ticket_content (content,created_at,uid,updated_at) values (?,?,?,?)]; SQL [/* insert for com.example.model.TicketContent */insert into ticket_content (content,created_at,uid,updated_at) values (?,?,?,?)]
	at org.springframework.orm.jpa.vendor.HibernateJpaDialect.convertHibernateAccessException(HibernateJpaDialect.java:283)
	at org.springframework.orm.jpa.vendor.HibernateJpaDialect.translateExceptionIfPossible(HibernateJpaDialect.java:244)
	at org.springframework.orm.jpa.AbstractEntityManagerFactoryBean.translateExceptionIfPossible(AbstractEntityManagerFactoryBean.java:550)
	at org.springframework.dao.support.ChainedPersistenceExceptionTranslator.translateExceptionIfPossible(ChainedPersistenceExceptionTranslator.java:61)
	at org.springframework.dao.support.DataAccessUtils.translateIfNecessary(DataAccessUtils.java:335)
	at org.springframework.dao.support.PersistenceExceptionTranslationInterceptor.invoke(PersistenceExceptionTranslationInterceptor.java:152)
	at org.springframework.aop.framework.ReflectiveMethodInvocation.proceed(ReflectiveMethodInvocation.java:184)
	at org.springframework.data.jpa.repository.support.CrudMethodMetadataPostProcessor$CrudMethodMetadataPopulatingMethodInterceptor.invoke(CrudMethodMetadataPostProcessor.java:164)
	at org.springframework.aop.framework.ReflectiveMethodInvocation.proceed(ReflectiveMethodInvocation.java:184)
	at org.springframework.aop.interceptor.ExposeInvocationInterceptor.invoke(ExposeInvocationInterceptor.java:97)
	at org.springframework.aop.framework.ReflectiveMethodInvocation.proceed(ReflectiveMethodInvocation.java:184)
	at org.springframework.aop.framework.JdkDynamicAopProxy.invoke(JdkDynamicAopProxy.java:220)
	at jdk.proxy2/jdk.proxy2.$Proxy137.save(Unknown Source)
	at com.example.service.TestGenerationService.startTestGeneration(TestGenerationService.java:68)
	at java.base/jdk.internal.reflect.DirectMethodHandleAccessor.invoke(DirectMethodHandleAccessor.java:103)
	at java.base/java.lang.reflect.Method.invoke(Method.java:580)
	at org.springframework.aop.support.AopUtils.invokeJoinpointUsingReflection(AopUtils.java:351)
	at org.springframework.aop.framework.ReflectiveMethodInvocation.invokeJoinpoint(ReflectiveMethodInvocation.java:196)
	at org.springframework.aop.framework.ReflectiveMethodInvocation.proceed(ReflectiveMethodInvocation.java:163)
	at org.springframework.aop.framework.CglibAopProxy$CglibMethodInvocation.proceed(CglibAopProxy.java:765)
	at org.springframework.aop.interceptor.AsyncExecutionInterceptor.lambda$invoke$0(AsyncExecutionInterceptor.java:113)
	at java.base/java.util.concurrent.FutureTask.run(FutureTask.java:317)
	at java.base/java.util.concurrent.ThreadPoolExecutor.runWorker(ThreadPoolExecutor.java:1144)
	at java.base/java.util.concurrent.ThreadPoolExecutor$Worker.run(ThreadPoolExecutor.java:642)
	at java.base/java.lang.Thread.run(Thread.java:1575)
Caused by: org.hibernate.exception.LockAcquisitionException: could not execute statement [[SQLITE_BUSY]  The database file is locked (database is locked)] [/* insert for com.example.model.TicketContent */insert into ticket_content (content,created_at,uid,updated_at) values (?,?,?,?)]
	at org.hibernate.community.dialect.SQLiteDialect.lambda$buildSQLExceptionConversionDelegate$1(SQLiteDialect.java:477)
	at org.hibernate.exception.internal.StandardSQLExceptionConverter.convert(StandardSQLExceptionConverter.java:58)
	at org.hibernate.engine.jdbc.spi.SqlExceptionHelper.convert(SqlExceptionHelper.java:108)
	at org.hibernate.engine.jdbc.internal.ResultSetReturnImpl.executeUpdate(ResultSetReturnImpl.java:197)
	at org.hibernate.id.insert.AbstractSelectingDelegate.performInsert(AbstractSelectingDelegate.java:77)
	at org.hibernate.engine.jdbc.mutation.internal.MutationExecutorPostInsertSingleTable.execute(MutationExecutorPostInsertSingleTable.java:100)
	at org.hibernate.persister.entity.mutation.InsertCoordinator.doStaticInserts(InsertCoordinator.java:175)
	at org.hibernate.persister.entity.mutation.InsertCoordinator.coordinateInsert(InsertCoordinator.java:113)
	at org.hibernate.persister.entity.AbstractEntityPersister.insert(AbstractEntityPersister.java:2868)
	at org.hibernate.action.internal.EntityIdentityInsertAction.execute(EntityIdentityInsertAction.java:81)
	at org.hibernate.engine.spi.ActionQueue.execute(ActionQueue.java:670)
	at org.hibernate.engine.spi.ActionQueue.addResolvedEntityInsertAction(ActionQueue.java:291)
	at org.hibernate.engine.spi.ActionQueue.addInsertAction(ActionQueue.java:272)
	at org.hibernate.engine.spi.ActionQueue.addAction(ActionQueue.java:322)
	at org.hibernate.event.internal.AbstractSaveEventListener.addInsertAction(AbstractSaveEventListener.java:386)
	at org.hibernate.event.internal.AbstractSaveEventListener.performSaveOrReplicate(AbstractSaveEventListener.java:300)
	at org.hibernate.event.internal.AbstractSaveEventListener.performSave(AbstractSaveEventListener.java:219)
	at org.hibernate.event.internal.AbstractSaveEventListener.saveWithGeneratedId(AbstractSaveEventListener.java:134)
	at org.hibernate.event.internal.DefaultMergeEventListener.saveTransientEntity(DefaultMergeEventListener.java:378)
	at org.hibernate.event.internal.DefaultMergeEventListener.entityIsTransient(DefaultMergeEventListener.java:298)
	at org.hibernate.event.internal.DefaultMergeEventListener.merge(DefaultMergeEventListener.java:211)
	at org.hibernate.event.internal.DefaultMergeEventListener.doMerge(DefaultMergeEventListener.java:146)
	at org.hibernate.event.internal.DefaultMergeEventListener.onMerge(DefaultMergeEventListener.java:130)
	at org.hibernate.event.service.internal.EventListenerGroupImpl.fireEventOnEachListener(EventListenerGroupImpl.java:138)
	at org.hibernate.internal.SessionImpl.fireMerge(SessionImpl.java:868)
	at org.hibernate.internal.SessionImpl.merge(SessionImpl.java:839)
	at org.hibernate.engine.spi.CascadingActions$6.cascade(CascadingActions.java:253)
	at org.hibernate.engine.spi.CascadingActions$6.cascade(CascadingActions.java:243)
	at org.hibernate.engine.internal.Cascade.cascadeToOne(Cascade.java:517)
	at org.hibernate.engine.internal.Cascade.cascadeAssociation(Cascade.java:439)
	at org.hibernate.engine.internal.Cascade.cascadeProperty(Cascade.java:224)
	at org.hibernate.engine.internal.Cascade.cascade(Cascade.java:157)
	at org.hibernate.event.internal.DefaultMergeEventListener.cascadeOnMerge(DefaultMergeEventListener.java:644)
	at org.hibernate.event.internal.DefaultMergeEventListener.entityIsDetached(DefaultMergeEventListener.java:426)
	at org.hibernate.event.internal.DefaultMergeEventListener.merge(DefaultMergeEventListener.java:208)
	at org.hibernate.event.internal.DefaultMergeEventListener.doMerge(DefaultMergeEventListener.java:146)
	at org.hibernate.event.internal.DefaultMergeEventListener.onMerge(DefaultMergeEventListener.java:130)
	at org.hibernate.event.internal.DefaultMergeEventListener.onMerge(DefaultMergeEventListener.java:84)
	at org.hibernate.event.service.internal.EventListenerGroupImpl.fireEventOnEachListener(EventListenerGroupImpl.java:127)
	at org.hibernate.internal.SessionImpl.fireMerge(SessionImpl.java:847)
	at org.hibernate.internal.SessionImpl.merge(SessionImpl.java:833)
	at java.base/jdk.internal.reflect.DirectMethodHandleAccessor.invoke(DirectMethodHandleAccessor.java:103)
	at java.base/java.lang.reflect.Method.invoke(Method.java:580)
	at org.springframework.orm.jpa.SharedEntityManagerCreator$SharedEntityManagerInvocationHandler.invoke(SharedEntityManagerCreator.java:319)
	at jdk.proxy2/jdk.proxy2.$Proxy133.merge(Unknown Source)
	at org.springframework.data.jpa.repository.support.SimpleJpaRepository.save(SimpleJpaRepository.java:621)
	at java.base/jdk.internal.reflect.DirectMethodHandleAccessor.invoke(DirectMethodHandleAccessor.java:103)
	at java.base/java.lang.reflect.Method.invoke(Method.java:580)
	at org.springframework.aop.support.AopUtils.invokeJoinpointUsingReflection(AopUtils.java:351)
	at org.springframework.data.repository.core.support.RepositoryMethodInvoker$RepositoryFragmentMethodInvoker.lambda$new$0(RepositoryMethodInvoker.java:277)
	at org.springframework.data.repository.core.support.RepositoryMethodInvoker.doInvoke(RepositoryMethodInvoker.java:170)
	at org.springframework.data.repository.core.support.RepositoryMethodInvoker.invoke(RepositoryMethodInvoker.java:158)
	at org.springframework.data.repository.core.support.RepositoryComposition$RepositoryFragments.invoke(RepositoryComposition.java:516)
	at org.springframework.data.repository.core.support.RepositoryComposition.invoke(RepositoryComposition.java:285)
	at org.springframework.data.repository.core.support.RepositoryFactorySupport$ImplementationMethodExecutionInterceptor.invoke(RepositoryFactorySupport.java:628)
	at org.springframework.aop.framework.ReflectiveMethodInvocation.proceed(ReflectiveMethodInvocation.java:184)
	at org.springframework.data.repository.core.support.QueryExecutorMethodInterceptor.doInvoke(QueryExecutorMethodInterceptor.java:168)
	at org.springframework.data.repository.core.support.QueryExecutorMethodInterceptor.invoke(QueryExecutorMethodInterceptor.java:143)
	at org.springframework.aop.framework.ReflectiveMethodInvocation.proceed(ReflectiveMethodInvocation.java:184)
	at org.springframework.data.projection.DefaultMethodInvokingMethodInterceptor.invoke(DefaultMethodInvokingMethodInterceptor.java:70)
	at org.springframework.aop.framework.ReflectiveMethodInvocation.proceed(ReflectiveMethodInvocation.java:184)
	at org.springframework.transaction.interceptor.TransactionInterceptor$1.proceedWithInvocation(TransactionInterceptor.java:123)
	at org.springframework.transaction.interceptor.TransactionAspectSupport.invokeWithinTransaction(TransactionAspectSupport.java:385)
	at org.springframework.transaction.interceptor.TransactionInterceptor.invoke(TransactionInterceptor.java:119)
	at org.springframework.aop.framework.ReflectiveMethodInvocation.proceed(ReflectiveMethodInvocation.java:184)
	at org.springframework.dao.support.PersistenceExceptionTranslationInterceptor.invoke(PersistenceExceptionTranslationInterceptor.java:137)
	... 19 common frames omitted
Caused by: org.sqlite.SQLiteException: [SQLITE_BUSY]  The database file is locked (database is locked)
	at org.sqlite.core.DB.newSQLException(DB.java:1030)
	at org.sqlite.core.DB.newSQLException(DB.java:1042)
	at org.sqlite.core.DB.execute(DB.java:881)
	at org.sqlite.core.DB.executeUpdate(DB.java:922)
	at org.sqlite.jdbc3.JDBC3PreparedStatement.executeUpdate(JDBC3PreparedStatement.java:98)
	at com.zaxxer.hikari.pool.ProxyPreparedStatement.executeUpdate(ProxyPreparedStatement.java:61)
	at com.zaxxer.hikari.pool.HikariProxyPreparedStatement.executeUpdate(HikariProxyPreparedStatement.java)
	at org.hibernate.engine.jdbc.internal.ResultSetReturnImpl.executeUpdate(ResultSetReturnImpl.java:194)
	... 81 common frames omitted
&amp#27;[37m2025-03-21 00:00:12,946&amp#27;[0;39m &amp#27;[39mDEBUG&amp#27;[0;39m [&amp#27;[34mTestGeneration-2&amp#27;[0;39m] &amp#27;[33mo.h.e.j.s.SqlStatementLogger&amp#27;[0;39m: 
    /* insert for
        com.example.model.OperationLog */insert 
    into
        operation_log (created_at, job_uid, operation, timestamp, uid) 
    values
        (?, ?, ?, ?, ?)
Hibernate: 
    /* insert for
        com.example.model.OperationLog */insert 
    into
        operation_log (created_at, job_uid, operation, timestamp, uid) 
    values
        (?, ?, ?, ?, ?)
&amp#27;[37m2025-03-21 00:00:12,947&amp#27;[0;39m &amp#27;[39mDEBUG&amp#27;[0;39m [&amp#27;[34mTestGeneration-2&amp#27;[0;39m] &amp#27;[33mo.h.e.j.s.SqlStatementLogger&amp#27;[0;39m: 
    select
        last_insert_rowid()
Hibernate: 
    select
        last_insert_rowid()
&amp#27;[37m2025-03-21 00:00:12,948&amp#27;[0;39m &amp#27;[39mDEBUG&amp#27;[0;39m [&amp#27;[34mTestGeneration-2&amp#27;[0;39m] &amp#27;[33mc.e.s.TestGenerationService&amp#27;[0;39m: Starting ticket analysis for jobId: 8d6db53b-00fb-4cb8-b96c-b3a03740bfd1
&amp#27;[37m2025-03-21 00:00:12,948&amp#27;[0;39m &amp#27;[34mINFO &amp#27;[0;39m [&amp#27;[34mTestGeneration-2&amp#27;[0;39m] &amp#27;[33mc.e.a.TicketAnalyzerAgent&amp#27;[0;39m: Starting ticket analysis for ticket: PROJ-123 in project: null
&amp#27;[37m2025-03-21 00:00:12,948&amp#27;[0;39m &amp#27;[39mDEBUG&amp#27;[0;39m [&amp#27;[34mTestGeneration-2&amp#27;[0;39m] &amp#27;[33mc.e.a.TicketAnalyzerAgent&amp#27;[0;39m: Analyzing ticket content: Implementare la funzionalità di login
&amp#27;[37m2025-03-21 00:00:12,975&amp#27;[0;39m &amp#27;[39mDEBUG&amp#27;[0;39m [&amp#27;[34mmain&amp#27;[0;39m] &amp#27;[33mo.h.e.j.s.SqlStatementLogger&amp#27;[0;39m: 
    /* <criteria> */ select
        gj1_0.id,
        gj1_0.created_at,
        gj1_0.generated_test_id,
        gj1_0.status,
        gj1_0.ticket_content_id,
        gj1_0.timestamp,
        gj1_0.uid,
        gj1_0.updated_at 
    from
        generation_job gj1_0 
    where
        gj1_0.uid=?
Hibernate: 
    /* <criteria> */ select
        gj1_0.id,
        gj1_0.created_at,
        gj1_0.generated_test_id,
        gj1_0.status,
        gj1_0.ticket_content_id,
        gj1_0.timestamp,
        gj1_0.uid,
        gj1_0.updated_at 
    from
        generation_job gj1_0 
    where
        gj1_0.uid=?

MockHttpServletRequest:
      HTTP Method = POST
      Request URI = /generate-tests/async
       Parameters = {}
          Headers = [Content-Type:"application/json;charset=UTF-8", Content-Length:"126"]
             Body = {
    "content": "Implementare la funzionalità di login",
    "ticketId": "PROJ-123",
    "components": ["Authentication"]
}

    Session Attrs = {}

Handler:
             Type = com.example.controller.TestGenerationController
           Method = com.example.controller.TestGenerationController#startTestGeneration(TicketContentDto)

Async:
    Async started = false
     Async result = null

Resolved Exception:
             Type = null

ModelAndView:
        View name = null
             View = null
            Model = null

FlashMap:
       Attributes = null

MockHttpServletResponse:
           Status = 200
    Error message = null
          Headers = [Content-Type:"application/json"]
     Content type = application/json
             Body = {"message":"Test generation process started","jobId":"8d6db53b-00fb-4cb8-b96c-b3a03740bfd1","status":"STARTED"}
    Forwarded URL = null
   Redirected URL = null
          Cookies = []

MockHttpServletRequest:
      HTTP Method = GET
      Request URI = /generate-tests/status/8d6db53b-00fb-4cb8-b96c-b3a03740bfd1
       Parameters = {}
          Headers = []
             Body = null
    Session Attrs = {}

Handler:
             Type = com.example.controller.TestGenerationController
           Method = com.example.controller.TestGenerationController#getTestGenerationStatus(String)

Async:
    Async started = false
     Async result = null

Resolved Exception:
             Type = null

ModelAndView:
        View name = null
             View = null
            Model = null

FlashMap:
       Attributes = null

MockHttpServletResponse:
           Status = 200
    Error message = null
          Headers = [Content-Type:"application/json"]
     Content type = application/json
             Body = {"status":"NOT_FOUND","message":"Job not found"}
    Forwarded URL = null
   Redirected URL = null
          Cookies = []
]]></system-out>
  </testcase>
  <testcase name="testNonExistentJobStatus" classname="com.example.TestGenerationIntegrationTest" time="0.007">
    <system-out><![CDATA[&amp#27;[37m2025-03-21 00:00:12,981&amp#27;[0;39m &amp#27;[34mINFO &amp#27;[0;39m [&amp#27;[34mmain&amp#27;[0;39m] &amp#27;[33mc.e.c.TestGenerationController&amp#27;[0;39m: Checking status for jobId: non-existent-job-id
&amp#27;[37m2025-03-21 00:00:12,984&amp#27;[0;39m &amp#27;[39mDEBUG&amp#27;[0;39m [&amp#27;[34mmain&amp#27;[0;39m] &amp#27;[33mo.h.e.j.s.SqlStatementLogger&amp#27;[0;39m: 
    /* <criteria> */ select
        gj1_0.id,
        gj1_0.created_at,
        gj1_0.generated_test_id,
        gj1_0.status,
        gj1_0.ticket_content_id,
        gj1_0.timestamp,
        gj1_0.uid,
        gj1_0.updated_at 
    from
        generation_job gj1_0 
    where
        gj1_0.uid=?
Hibernate: 
    /* <criteria> */ select
        gj1_0.id,
        gj1_0.created_at,
        gj1_0.generated_test_id,
        gj1_0.status,
        gj1_0.ticket_content_id,
        gj1_0.timestamp,
        gj1_0.uid,
        gj1_0.updated_at 
    from
        generation_job gj1_0 
    where
        gj1_0.uid=?
]]></system-out>
  </testcase>
</testsuite>